<?xml version="1.0" encoding="UTF-8" ?>
<testsuite tests="16" failures="0" name="step_definitions.RunCukesTest" time="7.054" errors="0" skipped="0">
  <properties>
[...]
</properties>
  <testcase classname="Scenario: Normal checkout" name="Given User open the website sauce demo" time="0.015"/>
  <testcase classname="Scenario: Normal checkout" name="When User input &quot;standard_user&quot; as userName and input &quot;secret_sauce&quot; as password" time="0"/>
  <testcase classname="Scenario: Normal checkout" name="Then User already on landing page" time="0.001"/>
  <testcase classname="Scenario: Normal checkout" name="And User sort product list by &quot;Name (Z to A)&quot;" time="0"/>
  <testcase classname="Scenario: Normal checkout" name="And User choice two product from the list" time="0"/>
  <testcase classname="Scenario: Normal checkout" name="And User click cart" time="0"/>
  <testcase classname="Scenario: Normal checkout" name="And User click remove" time="0"/>
  <testcase classname="Scenario: Normal checkout" name="Then User already on cart page" time="0"/>
  <testcase classname="Scenario: Normal checkout" name="And User click checkout" time="0"/>
  <testcase classname="Scenario: Normal checkout" name="Then User already on checkout page" time="0"/>
  <testcase classname="Scenario: Normal checkout" name="When User input &quot;alia&quot; as firstName and input &quot;ulfah&quot; as lastName and input &quot;04&quot; as postalCode" time="0"/>
  <testcase classname="Scenario: Normal checkout" name="Then User already on overview page" time="0.001"/>
  <testcase classname="Scenario: Normal checkout" name="Then Total must be match between expect and actual" time="0"/>
  <testcase classname="Scenario: Normal checkout" name="And User click finish" time="0"/>
  <testcase classname="Scenario: Normal checkout" name="Then User already on complete page" time="0.002"/>
  <testcase classname="Scenario: Normal checkout" name="Scenario: Normal checkout" time="7.035"/>
</testsuite>