<?xml version="1.0" encoding="UTF-8"?>
<testsuite xmlns:xsi="http://www.w3.org/2001/XMLSchema-instance" xsi:noNamespaceSchemaLocation="https://maven.apache.org/surefire/maven-surefire-plugin/xsd/surefire-test-report-3.0.xsd" version="3.0" name="step_definitions.RunCukesTest" time="56.352" tests="15" errors="0" skipped="0" failures="0">
  <properties>
[...]
</properties>
  <testcase name="Given User open the website sauce demo" classname="Scenario: Normal checkout" time="0.002">
    <system-out><![CDATA[@Complete
Feature: Complete
  As a user I want to login website sauce demo
C:\Users\majul\OneDrive\Documents\GitHub\BDDSaucedemo
]]></system-out>
  </testcase>
  <testcase name="When User input &quot;standard_user&quot; as userName and input &quot;secret_sauce&quot; as password" classname="Scenario: Normal checkout" time="0.001"/>
  <testcase name="Then User already on landing page" classname="Scenario: Normal checkout" time="0.002"/>
  <testcase name="And User sort product list by &quot;Name (Z to A)&quot;" classname="Scenario: Normal checkout" time="0.001"/>
  <testcase name="And User choice two product from the list" classname="Scenario: Normal checkout" time="0.0"/>
  <testcase name="And User click cart" classname="Scenario: Normal checkout" time="0.0"/>
  <testcase name="And User click remove" classname="Scenario: Normal checkout" time="0.001"/>
  <testcase name="Then User already on cart page" classname="Scenario: Normal checkout" time="0.001"/>
  <testcase name="And User click checkout" classname="Scenario: Normal checkout" time="0.0"/>
  <testcase name="Then User already on checkout page" classname="Scenario: Normal checkout" time="0.001"/>
  <testcase name="When User input &quot;alia&quot; as firstName and input &quot;ulfah&quot; as lastName and input &quot;04&quot; as postalCode" classname="Scenario: Normal checkout" time="0.001"/>
  <testcase name="Then User already on overview page" classname="Scenario: Normal checkout" time="0.001"/>
  <testcase name="Then Total must be match between expect and actual" classname="Scenario: Normal checkout" time="0.001"/>
  <testcase name="And User click finish" classname="Scenario: Normal checkout" time="0.0"/>
  <testcase name="Then User already on complete page" classname="Scenario: Normal checkout" time="0.001"/>
</testsuite>